01-Jun-2024 20:58:11.326 INFO [main] org.apache.catalina.core.ApplicationContext.log 1 Spring WebApplicationInitializers detected on classpath
01-Jun-2024 20:58:11.397 INFO [main] org.apache.catalina.core.ApplicationContext.log Initializing Spring root WebApplicationContext
01-Jun-2024 20:58:13.042 INFO [main] org.apache.catalina.core.ApplicationContext.log Initializing Spring DispatcherServlet 'dispatcher'
01-Jun-2024 20:58:13.183 INFO [main] org.apache.catalina.core.ApplicationContext.log Destroying Spring FrameworkServlet 'dispatcher'
01-Jun-2024 20:58:13.186 INFO [main] org.apache.catalina.core.ApplicationContext.log Closing Spring root WebApplicationContext
01-Jun-2024 20:58:26.384 INFO [main] org.apache.catalina.core.ApplicationContext.log 1 Spring WebApplicationInitializers detected on classpath
01-Jun-2024 20:58:26.454 INFO [main] org.apache.catalina.core.ApplicationContext.log Initializing Spring root WebApplicationContext
01-Jun-2024 20:58:28.062 INFO [main] org.apache.catalina.core.ApplicationContext.log Initializing Spring DispatcherServlet 'dispatcher'
01-Jun-2024 21:02:48.514 INFO [Thread-1] org.apache.catalina.core.ApplicationContext.log Destroying Spring FrameworkServlet 'dispatcher'
01-Jun-2024 21:02:48.515 INFO [Thread-1] org.apache.catalina.core.ApplicationContext.log Closing Spring root WebApplicationContext
01-Jun-2024 21:04:08.169 INFO [main] org.apache.catalina.core.ApplicationContext.log 1 Spring WebApplicationInitializers detected on classpath
01-Jun-2024 21:04:08.240 INFO [main] org.apache.catalina.core.ApplicationContext.log Initializing Spring root WebApplicationContext
01-Jun-2024 21:04:09.908 INFO [main] org.apache.catalina.core.ApplicationContext.log Initializing Spring DispatcherServlet 'dispatcher'
01-Jun-2024 21:20:34.173 INFO [Thread-1] org.apache.catalina.core.ApplicationContext.log Destroying Spring FrameworkServlet 'dispatcher'
01-Jun-2024 21:20:34.175 INFO [Thread-1] org.apache.catalina.core.ApplicationContext.log Closing Spring root WebApplicationContext
01-Jun-2024 21:20:38.845 INFO [main] org.apache.catalina.core.ApplicationContext.log 1 Spring WebApplicationInitializers detected on classpath
01-Jun-2024 21:20:38.918 INFO [main] org.apache.catalina.core.ApplicationContext.log Initializing Spring root WebApplicationContext
01-Jun-2024 21:20:40.506 INFO [main] org.apache.catalina.core.ApplicationContext.log Initializing Spring DispatcherServlet 'dispatcher'
01-Jun-2024 21:22:13.886 INFO [Thread-1] org.apache.catalina.core.ApplicationContext.log Destroying Spring FrameworkServlet 'dispatcher'
01-Jun-2024 21:22:13.888 INFO [Thread-1] org.apache.catalina.core.ApplicationContext.log Closing Spring root WebApplicationContext
01-Jun-2024 21:22:18.274 INFO [main] org.apache.catalina.core.ApplicationContext.log 1 Spring WebApplicationInitializers detected on classpath
01-Jun-2024 21:22:18.345 INFO [main] org.apache.catalina.core.ApplicationContext.log Initializing Spring root WebApplicationContext
01-Jun-2024 21:22:19.920 INFO [main] org.apache.catalina.core.ApplicationContext.log Initializing Spring DispatcherServlet 'dispatcher'
01-Jun-2024 21:24:51.102 INFO [Thread-1] org.apache.catalina.core.ApplicationContext.log Destroying Spring FrameworkServlet 'dispatcher'
01-Jun-2024 21:24:51.104 INFO [Thread-1] org.apache.catalina.core.ApplicationContext.log Closing Spring root WebApplicationContext
01-Jun-2024 21:24:55.753 INFO [main] org.apache.catalina.core.ApplicationContext.log 1 Spring WebApplicationInitializers detected on classpath
01-Jun-2024 21:24:55.824 INFO [main] org.apache.catalina.core.ApplicationContext.log Initializing Spring root WebApplicationContext
01-Jun-2024 21:24:57.456 INFO [main] org.apache.catalina.core.ApplicationContext.log Initializing Spring DispatcherServlet 'dispatcher'
01-Jun-2024 22:40:52.058 INFO [Thread-1] org.apache.catalina.core.ApplicationContext.log Destroying Spring FrameworkServlet 'dispatcher'
01-Jun-2024 22:40:52.059 INFO [Thread-1] org.apache.catalina.core.ApplicationContext.log Closing Spring root WebApplicationContext
01-Jun-2024 22:40:56.726 INFO [main] org.apache.catalina.core.ApplicationContext.log 1 Spring WebApplicationInitializers detected on classpath
01-Jun-2024 22:40:56.796 INFO [main] org.apache.catalina.core.ApplicationContext.log Initializing Spring root WebApplicationContext
01-Jun-2024 22:40:58.384 INFO [main] org.apache.catalina.core.ApplicationContext.log Initializing Spring DispatcherServlet 'dispatcher'
01-Jun-2024 22:45:37.323 INFO [Thread-1] org.apache.catalina.core.ApplicationContext.log Destroying Spring FrameworkServlet 'dispatcher'
01-Jun-2024 22:45:37.324 INFO [Thread-1] org.apache.catalina.core.ApplicationContext.log Closing Spring root WebApplicationContext
01-Jun-2024 22:45:42.012 INFO [main] org.apache.catalina.core.ApplicationContext.log 1 Spring WebApplicationInitializers detected on classpath
01-Jun-2024 22:45:42.087 INFO [main] org.apache.catalina.core.ApplicationContext.log Initializing Spring root WebApplicationContext
01-Jun-2024 22:45:43.675 INFO [main] org.apache.catalina.core.ApplicationContext.log Initializing Spring DispatcherServlet 'dispatcher'
01-Jun-2024 22:52:24.240 INFO [Thread-1] org.apache.catalina.core.ApplicationContext.log Destroying Spring FrameworkServlet 'dispatcher'
01-Jun-2024 22:52:24.241 INFO [Thread-1] org.apache.catalina.core.ApplicationContext.log Closing Spring root WebApplicationContext
01-Jun-2024 22:52:28.918 INFO [main] org.apache.catalina.core.ApplicationContext.log 1 Spring WebApplicationInitializers detected on classpath
01-Jun-2024 22:52:28.992 INFO [main] org.apache.catalina.core.ApplicationContext.log Initializing Spring root WebApplicationContext
01-Jun-2024 22:52:30.680 INFO [main] org.apache.catalina.core.ApplicationContext.log Initializing Spring DispatcherServlet 'dispatcher'
01-Jun-2024 23:01:42.887 INFO [Thread-1] org.apache.catalina.core.ApplicationContext.log Destroying Spring FrameworkServlet 'dispatcher'
01-Jun-2024 23:01:42.888 INFO [Thread-1] org.apache.catalina.core.ApplicationContext.log Closing Spring root WebApplicationContext
01-Jun-2024 23:01:47.627 INFO [main] org.apache.catalina.core.ApplicationContext.log 1 Spring WebApplicationInitializers detected on classpath
01-Jun-2024 23:01:47.710 INFO [main] org.apache.catalina.core.ApplicationContext.log Initializing Spring root WebApplicationContext
01-Jun-2024 23:01:49.395 INFO [main] org.apache.catalina.core.ApplicationContext.log Initializing Spring DispatcherServlet 'dispatcher'
01-Jun-2024 23:03:05.103 INFO [Thread-1] org.apache.catalina.core.ApplicationContext.log Destroying Spring FrameworkServlet 'dispatcher'
01-Jun-2024 23:03:05.104 INFO [Thread-1] org.apache.catalina.core.ApplicationContext.log Closing Spring root WebApplicationContext
